act
aggressive
alchemy
alternative
ambient
angry
avant-garde
beaten
blues
brutal
cult
danger
depression
depressive
doom
drone
drugs
earth
electronic
esoteric
experimental
folk
free
funeral
garage
generation
guerrilla
hardcore
hate
heavy
impro
improvisation
industrial
jazz
lack
legalise
lost
loud
low
madness
masonic
murder
mute
nihilistic
no
non
noise
outsider
pagan
pain
possessed
post
psych
psychedelia
psychedelic
pub
punk
raw
rhythmic
rise
rock
roll
sex
sick
sludge
slow
solid
sonic
soul
stiff
suicide
transmutation
youth
zero
